2021-02-07 22:49:32,355 : INFO : setUsername : Entered username
2021-02-07 22:49:32,478 : INFO : setPassword : Entered password
2021-02-07 22:49:38,605 : INFO : clickLoginBtn : Clicked on Submit button
2021-02-07 22:49:38,773 : INFO : doLogout : Clicked on login user icon
2021-02-07 22:49:40,070 : INFO : doLogout : Clicked on logout link
2021-02-07 22:49:40,070 : INFO : doLogout : Clicked on logout link
2021-02-07 23:08:09,190 : INFO : setUsername : Entered username
2021-02-07 23:08:09,548 : INFO : setPassword : Entered password
2021-02-07 23:08:15,719 : INFO : clickLoginBtn : Clicked on Submit button
2021-02-07 23:08:15,833 : INFO : doLogout : Clicked on login user icon
2021-02-07 23:08:17,151 : INFO : doLogout : Clicked on logout link
2021-02-07 23:08:17,151 : INFO : doLogout : Clicked on logout link
2021-02-07 23:16:31,012 : INFO : setUsername : Entered username
2021-02-07 23:16:31,745 : INFO : setPassword : Entered password
2021-02-07 23:16:37,792 : INFO : clickLoginBtn : Clicked on Submit button
2021-02-07 23:16:37,945 : INFO : doLogout : Clicked on login user icon
2021-02-07 23:16:39,291 : INFO : doLogout : Clicked on logout link
2021-02-07 23:16:39,291 : INFO : doLogout : Clicked on logout link
2021-02-07 23:51:37,119 : INFO : setUsername : Entered username
2021-02-07 23:51:37,499 : INFO : setPassword : Entered password
2021-02-07 23:52:14,140 : INFO : clickLoginBtn : Clicked on Submit button
2021-02-07 23:52:14,936 : INFO : doLogout : Clicked on login user icon
2021-02-07 23:52:20,067 : INFO : doLogout : Clicked on logout link
2021-02-07 23:52:20,067 : INFO : doLogout : Clicked on logout link
2021-02-08 00:02:20,475 : INFO : setUsername : Entered username
2021-02-08 00:02:20,982 : INFO : setPassword : Entered password
2021-02-08 00:02:27,954 : INFO : clickLoginBtn : Clicked on Submit button
2021-02-08 00:02:36,044 : INFO : doLogout : Clicked on login user icon
2021-02-08 00:02:42,056 : INFO : doLogout : Clicked on logout link
2021-02-08 00:02:42,056 : INFO : doLogout : Clicked on logout link
2021-02-08 22:10:56,869 : INFO : setUsername : Entered username
2021-02-08 22:10:57,380 : INFO : setPassword : Entered password
2021-02-08 22:11:03,024 : INFO : clickLoginBtn : Clicked on Submit button
2021-02-08 22:11:06,191 : INFO : doLogout : Clicked on login user icon
2021-02-08 22:11:09,601 : INFO : doLogout : Clicked on logout link
2021-02-08 22:11:09,601 : INFO : doLogout : Clicked on logout link
2021-02-08 22:16:54,311 : INFO : setUsername : Entered username
2021-02-08 22:16:54,537 : INFO : setPassword : Entered password
2021-02-08 22:17:02,435 : INFO : clickLoginBtn : Clicked on Submit button
2021-02-08 22:17:02,777 : INFO : doLogout : Clicked on login user icon
2021-02-08 22:17:10,322 : INFO : doLogout : Clicked on logout link
2021-02-08 22:17:10,322 : INFO : doLogout : Clicked on logout link
2021-02-08 22:19:12,892 : INFO : setUsername : Entered username
2021-02-08 22:19:13,025 : INFO : setPassword : Entered password
2021-02-08 22:19:18,817 : INFO : clickLoginBtn : Clicked on Submit button
2021-02-08 22:19:18,946 : INFO : doLogout : Clicked on login user icon
2021-02-08 22:19:20,767 : INFO : doLogout : Clicked on logout link
2021-02-08 22:19:20,767 : INFO : doLogout : Clicked on logout link
2021-02-09 00:05:44,933 : INFO : setUsername : Entered username
2021-02-09 00:05:45,215 : INFO : setPassword : Entered password
2021-02-09 00:05:52,336 : INFO : clickLoginBtn : Clicked on Submit button
2021-02-09 00:05:52,861 : INFO : doLogout : Clicked on login user icon
2021-02-09 00:09:03,829 : INFO : setUsername : Entered username
2021-02-09 00:09:04,217 : INFO : setPassword : Entered password
2021-02-09 00:09:17,070 : INFO : clickLoginBtn : Clicked on Submit button
2021-02-09 00:09:17,383 : INFO : doLogout : Clicked on login user icon
2021-02-09 00:09:19,197 : INFO : doLogout : Clicked on logout link
2021-02-09 00:09:19,197 : INFO : doLogout : Clicked on logout link
2021-02-09 00:12:35,929 : INFO : setUsername : Entered username
2021-02-09 00:12:36,338 : INFO : setPassword : Entered password
2021-02-09 00:12:43,390 : INFO : clickLoginBtn : Clicked on Submit button
2021-02-09 00:12:43,588 : INFO : doLogout : Clicked on login user icon
2021-02-09 00:12:45,355 : INFO : doLogout : Clicked on logout link
2021-02-09 00:12:45,355 : INFO : doLogout : Clicked on logout link
2021-02-09 00:12:45,605 : INFO : setUsername : Entered username
2021-02-09 00:12:45,605 : INFO : setUsername : Entered username
2021-02-09 00:12:45,715 : INFO : setPassword : Entered password
2021-02-09 00:12:45,715 : INFO : setPassword : Entered password
2021-02-09 00:12:46,989 : INFO : clickLoginBtn : Clicked on Submit button
2021-02-09 00:12:46,989 : INFO : clickLoginBtn : Clicked on Submit button
2021-02-09 07:58:26,864 : INFO : setUsername : Entered username
2021-02-09 07:58:27,398 : INFO : setPassword : Entered password
2021-02-09 07:58:33,995 : INFO : clickLoginBtn : Clicked on Submit button
2021-02-09 07:58:57,942 : INFO : doLogout : Clicked on login user icon
2021-02-09 07:59:27,409 : INFO : doLogout : Clicked on logout link
2021-02-09 07:59:27,409 : INFO : doLogout : Clicked on logout link
2021-02-09 08:03:08,263 : INFO : setUsername : Entered username
2021-02-09 08:03:08,528 : INFO : setPassword : Entered password
2021-02-09 08:03:14,867 : INFO : clickLoginBtn : Clicked on Submit button
2021-02-09 08:03:15,010 : INFO : doLogout : Clicked on login user icon
2021-02-09 08:03:16,551 : INFO : doLogout : Clicked on logout link
2021-02-09 08:03:16,551 : INFO : doLogout : Clicked on logout link
2021-02-09 08:03:16,815 : INFO : setUsername : Entered username
2021-02-09 08:03:16,815 : INFO : setUsername : Entered username
2021-02-09 08:03:16,939 : INFO : setPassword : Entered password
2021-02-09 08:03:16,939 : INFO : setPassword : Entered password
2021-02-09 08:03:17,985 : INFO : clickLoginBtn : Clicked on Submit button
2021-02-09 08:03:17,985 : INFO : clickLoginBtn : Clicked on Submit button
